<?xml version="1.0" encoding="UTF-8"?>
<!-- Generated by org.testng.reporters.JUnitReportReporter -->
<testsuite hostname="JoJoZ" failures="0" tests="1" name="com.orangehrm.com.orangehrm.Base" time="7.239" errors="0" timestamp="2025-05-04T11:07:35 IST" skipped="0">
  <testcase classname="com.orangehrm.com.orangehrm.Base" name="OrangeHrmLoginValidCredentials" time="7.239"/>
</testsuite> <!-- com.orangehrm.com.orangehrm.Base -->
