<?xml version="1.0" encoding="UTF-8"?>
<!-- Generated by org.testng.reporters.JUnitReportReporter -->
<testsuite hostname="JoJoZ" failures="0" tests="1" name="com.orangehrm.com.orangehrm.LogOut" time="8.419" errors="0" timestamp="2025-05-15T20:13:43 IST" skipped="0">
  <testcase classname="com.orangehrm.com.orangehrm.LogOut" name="Logout" time="8.419"/>
</testsuite> <!-- com.orangehrm.com.orangehrm.LogOut -->
